# JRE version: OpenJDK Runtime Environment (8.0_242-b01) (build 1.8.0_242-release-1644-b01)
# Java VM: OpenJDK 64-Bit Server VM (25.242-b01 mixed mode windows-amd64 compressed oops)
Heap:
 PSYoungGen      total 65024K, used 23375K [0x00000000d5580000, 0x00000000daf80000, 0x0000000100000000)
  eden space 38912K, 53% used [0x00000000d5580000,0x00000000d69cf1f8,0x00000000d7b80000)
  from space 26112K, 9% used [0x00000000d9600000,0x00000000d9884a50,0x00000000daf80000)
  to   space 26624K, 0% used [0x00000000d7b80000,0x00000000d7b80000,0x00000000d9580000)
 ParOldGen       total 74240K, used 35243K [0x0000000080000000, 0x0000000084880000, 0x00000000d5580000)
  object space 74240K, 47% used [0x0000000080000000,0x000000008226af20,0x0000000084880000)
 Metaspace       used 59354K, capacity 61618K, committed 61736K, reserved 1101824K
  class space    used 8130K, capacity 8661K, committed 8744K, reserved 1048576K
GC Heap History (10 events):
Event: 130.318 GC heap before
{Heap before GC invocations=25 (full 2):
 PSYoungGen      total 44544K, used 44368K [0x00000000d5580000, 0x00000000d9b80000, 0x0000000100000000)
  eden space 25600K, 100% used [0x00000000d5580000,0x00000000d6e80000,0x00000000d6e80000)
  from space 18944K, 99% used [0x00000000d8380000,0x00000000d95d4210,0x00000000d9600000)
  to   space 21504K, 0% used [0x00000000d6e80000,0x00000000d6e80000,0x00000000d8380000)
 ParOldGen       total 52736K, used 17032K [0x0000000080000000, 0x0000000083380000, 0x00000000d5580000)
  object space 52736K, 32% used [0x0000000080000000,0x00000000810a2330,0x0000000083380000)
 Metaspace       used 54859K, capacity 56912K, committed 57256K, reserved 1097728K
  class space    used 7485K, capacity 7995K, committed 8104K, reserved 1048576K
Event: 130.341 GC heap after
Heap after GC invocations=25 (full 2):
 PSYoungGen      total 47104K, used 18630K [0x00000000d5580000, 0x00000000da400000, 0x0000000100000000)
  eden space 25600K, 0% used [0x00000000d5580000,0x00000000d5580000,0x00000000d6e80000)
  from space 21504K, 86% used [0x00000000d6e80000,0x00000000d80b18f0,0x00000000d8380000)
  to   space 23552K, 0% used [0x00000000d8d00000,0x00000000d8d00000,0x00000000da400000)
 ParOldGen       total 52736K, used 17032K [0x0000000080000000, 0x0000000083380000, 0x00000000d5580000)
  object space 52736K, 32% used [0x0000000080000000,0x00000000810a2330,0x0000000083380000)
 Metaspace       used 54859K, capacity 56912K, committed 57256K, reserved 1097728K
  class space    used 7485K, capacity 7995K, committed 8104K, reserved 1048576K
}
Event: 131.782 GC heap before
{Heap before GC invocations=26 (full 2):
 PSYoungGen      total 47104K, used 44230K [0x00000000d5580000, 0x00000000da400000, 0x0000000100000000)
  eden space 25600K, 100% used [0x00000000d5580000,0x00000000d6e80000,0x00000000d6e80000)
  from space 21504K, 86% used [0x00000000d6e80000,0x00000000d80b18f0,0x00000000d8380000)
  to   space 23552K, 0% used [0x00000000d8d00000,0x00000000d8d00000,0x00000000da400000)
 ParOldGen       total 52736K, used 17032K [0x0000000080000000, 0x0000000083380000, 0x00000000d5580000)
  object space 52736K, 32% used [0x0000000080000000,0x00000000810a2330,0x0000000083380000)
 Metaspace       used 55988K, capacity 58082K, committed 58408K, reserved 1099776K
  class space    used 7665K, capacity 8144K, committed 8232K, reserved 1048576K
Event: 131.810 GC heap after
Heap after GC invocations=26 (full 2):
 PSYoungGen      total 54784K, used 19906K [0x00000000d5580000, 0x00000000da880000, 0x0000000100000000)
  eden space 31232K, 0% used [0x00000000d5580000,0x00000000d5580000,0x00000000d7400000)
  from space 23552K, 84% used [0x00000000d8d00000,0x00000000da0709c8,0x00000000da400000)
  to   space 25600K, 0% used [0x00000000d7400000,0x00000000d7400000,0x00000000d8d00000)
 ParOldGen       total 52736K, used 17040K [0x0000000080000000, 0x0000000083380000, 0x00000000d5580000)
  object space 52736K, 32% used [0x0000000080000000,0x00000000810a4330,0x0000000083380000)
 Metaspace       used 55988K, capacity 58082K, committed 58408K, reserved 1099776K
  class space    used 7665K, capacity 8144K, committed 8232K, reserved 1048576K
}
Event: 133.356 GC heap before
{Heap before GC invocations=27 (full 2):
 PSYoungGen      total 54784K, used 31931K [0x00000000d5580000, 0x00000000da880000, 0x0000000100000000)
  eden space 31232K, 38% used [0x00000000d5580000,0x00000000d613e438,0x00000000d7400000)
  from space 23552K, 84% used [0x00000000d8d00000,0x00000000da0709c8,0x00000000da400000)
  to   space 25600K, 0% used [0x00000000d7400000,0x00000000d7400000,0x00000000d8d00000)
 ParOldGen       total 52736K, used 17040K [0x0000000080000000, 0x0000000083380000, 0x00000000d5580000)
  object space 52736K, 32% used [0x0000000080000000,0x00000000810a4330,0x0000000083380000)
 Metaspace       used 56944K, capacity 59092K, committed 59160K, reserved 1099776K
  class space    used 7795K, capacity 8301K, committed 8360K, reserved 1048576K
Event: 133.397 GC heap after
Heap after GC invocations=27 (full 2):
 PSYoungGen      total 56832K, used 17628K [0x00000000d5580000, 0x00000000db000000, 0x0000000100000000)
  eden space 31232K, 0% used [0x00000000d5580000,0x00000000d5580000,0x00000000d7400000)
  from space 25600K, 68% used [0x00000000d7400000,0x00000000d85372f0,0x00000000d8d00000)
  to   space 26624K, 0% used [0x00000000d9600000,0x00000000d9600000,0x00000000db000000)
 ParOldGen       total 52736K, used 19334K [0x0000000080000000, 0x0000000083380000, 0x00000000d5580000)
  object space 52736K, 36% used [0x0000000080000000,0x00000000812e1a60,0x0000000083380000)
 Metaspace       used 56944K, capacity 59092K, committed 59160K, reserved 1099776K
  class space    used 7795K, capacity 8301K, committed 8360K, reserved 1048576K
}
Event: 133.397 GC heap before
{Heap before GC invocations=28 (full 3):
 PSYoungGen      total 56832K, used 17628K [0x00000000d5580000, 0x00000000db000000, 0x0000000100000000)
  eden space 31232K, 0% used [0x00000000d5580000,0x00000000d5580000,0x00000000d7400000)
  from space 25600K, 68% used [0x00000000d7400000,0x00000000d85372f0,0x00000000d8d00000)
  to   space 26624K, 0% used [0x00000000d9600000,0x00000000d9600000,0x00000000db000000)
 ParOldGen       total 52736K, used 19334K [0x0000000080000000, 0x0000000083380000, 0x00000000d5580000)
  object space 52736K, 36% used [0x0000000080000000,0x00000000812e1a60,0x0000000083380000)
 Metaspace       used 56944K, capacity 59092K, committed 59160K, reserved 1099776K
  class space    used 7795K, capacity 8301K, committed 8360K, reserved 1048576K
Event: 133.662 GC heap after
Heap after GC invocations=28 (full 3):
 PSYoungGen      total 56832K, used 0K [0x00000000d5580000, 0x00000000db000000, 0x0000000100000000)
  eden space 31232K, 0% used [0x00000000d5580000,0x00000000d5580000,0x00000000d7400000)
  from space 25600K, 0% used [0x00000000d7400000,0x00000000d7400000,0x00000000d8d00000)
  to   space 26624K, 0% used [0x00000000d9600000,0x00000000d9600000,0x00000000db000000)
 ParOldGen       total 74240K, used 35243K [0x0000000080000000, 0x0000000084880000, 0x00000000d5580000)
  object space 74240K, 47% used [0x0000000080000000,0x000000008226af20,0x0000000084880000)
 Metaspace       used 56936K, capacity 59068K, committed 59160K, reserved 1099776K
  class space    used 7792K, capacity 8297K, committed 8360K, reserved 1048576K
}
Event: 135.431 GC heap before
{Heap before GC invocations=29 (full 3):
 PSYoungGen      total 56832K, used 31228K [0x00000000d5580000, 0x00000000db000000, 0x0000000100000000)
  eden space 31232K, 99% used [0x00000000d5580000,0x00000000d73ff2b8,0x00000000d7400000)
  from space 25600K, 0% used [0x00000000d7400000,0x00000000d7400000,0x00000000d8d00000)
  to   space 26624K, 0% used [0x00000000d9600000,0x00000000d9600000,0x00000000db000000)
 ParOldGen       total 74240K, used 35243K [0x0000000080000000, 0x0000000084880000, 0x00000000d5580000)
  object space 74240K, 47% used [0x0000000080000000,0x000000008226af20,0x0000000084880000)
 Metaspace       used 58138K, capacity 60372K, committed 60584K, reserved 1101824K
  class space    used 7985K, capacity 8527K, committed 8616K, reserved 1048576K
Event: 135.436 GC heap after
Heap after GC invocations=29 (full 3):
 PSYoungGen      total 65024K, used 2578K [0x00000000d5580000, 0x00000000daf80000, 0x0000000100000000)
  eden space 38912K, 0% used [0x00000000d5580000,0x00000000d5580000,0x00000000d7b80000)
  from space 26112K, 9% used [0x00000000d9600000,0x00000000d9884a50,0x00000000daf80000)
  to   space 26624K, 0% used [0x00000000d7b80000,0x00000000d7b80000,0x00000000d9580000)
 ParOldGen       total 74240K, used 35243K [0x0000000080000000, 0x0000000084880000, 0x00000000d5580000)
  object space 74240K, 47% used [0x0000000080000000,0x000000008226af20,0x0000000084880000)
 Metaspace       used 58138K, capacity 60372K, committed 60584K, reserved 1101824K
  class space    used 7985K, capacity 8527K, committed 8616K, reserved 1048576K
}

